D:\INTERPLAYER\NEWPLAYER\MRP_INVOKE\MRP_DEMO\MRP_DEMO\DEBUG\MAIN.OBJ
D:\INTERPLAYER\NEWPLAYER\MRP_INVOKE\MRP_DEMO\MRP_DEMO\DEBUG\PANE.OBJ
D:\INTERPLAYER\NEWPLAYER\MRP_INVOKE\MRP_DEMO\MRP_DEMO\DEBUG\PANE_COMPONENT.OBJ
D:\INTERPLAYER\NEWPLAYER\MRP_INVOKE\MRP_DEMO\MRP_DEMO\DEBUG\PANE_COMPONENT_CIRCLE.OBJ
D:\INTERPLAYER\NEWPLAYER\MRP_INVOKE\MRP_DEMO\MRP_DEMO\DEBUG\PANE_COMPONENT_IMAGE.OBJ
D:\INTERPLAYER\NEWPLAYER\MRP_INVOKE\MRP_DEMO\MRP_DEMO\DEBUG\PANE_COMPONENT_KEY.OBJ
D:\INTERPLAYER\NEWPLAYER\MRP_INVOKE\MRP_DEMO\MRP_DEMO\DEBUG\PANE_COMPONENT_LINE.OBJ
D:\INTERPLAYER\NEWPLAYER\MRP_INVOKE\MRP_DEMO\MRP_DEMO\DEBUG\PANE_COMPONENT_RECT.OBJ
D:\INTERPLAYER\NEWPLAYER\MRP_INVOKE\MRP_DEMO\MRP_DEMO\DEBUG\PANE_COMPONENT_TEXT.OBJ
D:\INTERPLAYER\NEWPLAYER\MRP_INVOKE\MRP_DEMO\MRP_DEMO\DEBUG\PANE_COMPONENT_VIDEOBOX.OBJ
D:\INTERPLAYER\NEWPLAYER\MRP_INVOKE\MRP_DEMO\MRP_DEMO\DEBUG\PES.OBJ
D:\INTERPLAYER\NEWPLAYER\MRP_INVOKE\MRP_DEMO\MRP_DEMO\DEBUG\SCENE_SECTION.OBJ
D:\INTERPLAYER\NEWPLAYER\MRP_INVOKE\MRP_DEMO\MRP_DEMO\DEBUG\SCENE_SHOW_SECTION.OBJ
D:\INTERPLAYER\NEWPLAYER\MRP_INVOKE\MRP_DEMO\MRP_DEMO\DEBUG\SYN_INF_STRUCT.OBJ
D:\INTERPLAYER\NEWPLAYER\MRP_INVOKE\MRP_DEMO\MRP_DEMO\DEBUG\TS.OBJ
D:\INTERPLAYER\NEWPLAYER\MRP_INVOKE\MRP_DEMO\MRP_DEMO\DEBUG\VC110.PDB
D:\INTERPLAYER\NEWPLAYER\MRP_INVOKE\MRP_DEMO\DEBUG\MRP_DEMO.ILK
D:\INTERPLAYER\NEWPLAYER\MRP_INVOKE\MRP_DEMO\DEBUG\MRP_DEMO.EXE
D:\INTERPLAYER\NEWPLAYER\MRP_INVOKE\MRP_DEMO\DEBUG\MRP_DEMO.PDB
D:\InterPlayer\NewPlayer\MRP_Invoke\MRP_DEMO\MRP_DEMO\Debug\main.obj
D:\InterPlayer\NewPlayer\MRP_Invoke\MRP_DEMO\MRP_DEMO\Debug\pane.obj
D:\InterPlayer\NewPlayer\MRP_Invoke\MRP_DEMO\MRP_DEMO\Debug\Pane_component.obj
D:\InterPlayer\NewPlayer\MRP_Invoke\MRP_DEMO\MRP_DEMO\Debug\Pane_Component_Circle.obj
D:\InterPlayer\NewPlayer\MRP_Invoke\MRP_DEMO\MRP_DEMO\Debug\pane_component_image.obj
D:\InterPlayer\NewPlayer\MRP_Invoke\MRP_DEMO\MRP_DEMO\Debug\pane_component_key.obj
D:\InterPlayer\NewPlayer\MRP_Invoke\MRP_DEMO\MRP_DEMO\Debug\Pane_Component_Line.obj
D:\InterPlayer\NewPlayer\MRP_Invoke\MRP_DEMO\MRP_DEMO\Debug\Pane_Component_Rect.obj
D:\InterPlayer\NewPlayer\MRP_Invoke\MRP_DEMO\MRP_DEMO\Debug\pane_component_text.obj
D:\InterPlayer\NewPlayer\MRP_Invoke\MRP_DEMO\MRP_DEMO\Debug\Pane_Component_VideoBox.obj
D:\InterPlayer\NewPlayer\MRP_Invoke\MRP_DEMO\MRP_DEMO\Debug\pes.obj
D:\InterPlayer\NewPlayer\MRP_Invoke\MRP_DEMO\MRP_DEMO\Debug\scene_section.obj
D:\InterPlayer\NewPlayer\MRP_Invoke\MRP_DEMO\MRP_DEMO\Debug\scene_show_section.obj
D:\InterPlayer\NewPlayer\MRP_Invoke\MRP_DEMO\MRP_DEMO\Debug\SYN_INF_STRUCT.obj
D:\InterPlayer\NewPlayer\MRP_Invoke\MRP_DEMO\MRP_DEMO\Debug\ts.obj
D:\InterPlayer\NewPlayer\MRP_Invoke\MRP_DEMO\MRP_DEMO\Debug\cl.command.1.tlog
D:\InterPlayer\NewPlayer\MRP_Invoke\MRP_DEMO\MRP_DEMO\Debug\CL.read.1.tlog
D:\InterPlayer\NewPlayer\MRP_Invoke\MRP_DEMO\MRP_DEMO\Debug\CL.write.1.tlog
D:\InterPlayer\NewPlayer\MRP_Invoke\MRP_DEMO\MRP_DEMO\Debug\link-cvtres.read.1.tlog
D:\InterPlayer\NewPlayer\MRP_Invoke\MRP_DEMO\MRP_DEMO\Debug\link-cvtres.write.1.tlog
D:\InterPlayer\NewPlayer\MRP_Invoke\MRP_DEMO\MRP_DEMO\Debug\link-rc.read.1.tlog
D:\InterPlayer\NewPlayer\MRP_Invoke\MRP_DEMO\MRP_DEMO\Debug\link-rc.write.1.tlog
D:\InterPlayer\NewPlayer\MRP_Invoke\MRP_DEMO\MRP_DEMO\Debug\link.command.1.tlog
D:\InterPlayer\NewPlayer\MRP_Invoke\MRP_DEMO\MRP_DEMO\Debug\link.read.1.tlog
D:\InterPlayer\NewPlayer\MRP_Invoke\MRP_DEMO\MRP_DEMO\Debug\link.write.1.tlog
D:\InterPlayer\NewPlayer\MRP_Invoke\MRP_DEMO\MRP_DEMO\Debug\vc110.idb
D:\InterPlayer\NewPlayer\MRP_Invoke\MRP_DEMO\MRP_DEMO\Debug\vc110.pdb
D:\InterPlayer\NewPlayer\MRP_Invoke\MRP_DEMO\Debug\MRP_DEMO.pdb
D:\InterPlayer\NewPlayer\MRP_Invoke\MRP_DEMO\Debug\MRP_DEMO.exe
D:\InterPlayer\NewPlayer\MRP_Invoke\MRP_DEMO\Debug\MRP_DEMO.ilk
